<?xml version="1.0" encoding="UTF-8"?>
<!-- Generated by org.testng.reporters.JUnitReportReporter -->
<testsuite hostname="LAPTOP-3O4MSJ8R" failures="0" tests="1" name="cucumberOptions.TestNGRunner" time="6.704" errors="0" timestamp="2024-09-29T23:25:17 IST" skipped="0">
  <testcase classname="cucumberOptions.TestNGRunner" name="runScenario" time="6.704"/>
</testsuite> <!-- cucumberOptions.TestNGRunner -->
